<?xml version="1.0" encoding="UTF-8"?>
<!-- Generated by org.testng.reporters.JUnitReportReporter -->
<testsuite hostname="Nadsoft" failures="0" tests="1" name="HomePage" time="0.066" errors="0" timestamp="2023-06-19T14:51:33 EET" skipped="0">
  <testcase classname="HomePage" name="check_all_logos" time="0.066"/>
  <system-out/>
</testsuite> <!-- HomePage -->
