<?xml version="1.0" encoding="UTF-8"?>
<!-- Generated by org.testng.reporters.JUnitReportReporter -->
<testsuite hostname="Nadsoft" failures="0" tests="1" name="Assert" time="1.165" errors="0" timestamp="2023-06-22T09:48:51 EET" skipped="0">
  <testcase classname="Assert" name="select_currancy" time="1.165"/>
  <system-out/>
</testsuite> <!-- Assert -->
